<?xml version="1.0" encoding="UTF-8"?>
<testng-results skipped="0" failed="0" ignored="0" total="1" passed="1">
  <reporter-output>
  </reporter-output>
  <suite name="Surefire suite" duration-ms="89" started-at="2021-02-16T16:17:00 CST" finished-at="2021-02-16T16:17:00 CST">
    <groups>
    </groups>
    <test name="Surefire test" duration-ms="89" started-at="2021-02-16T16:17:00 CST" finished-at="2021-02-16T16:17:00 CST">
      <class name="rahulshettyacademy.Mavenjavanew.AppTest">
        <test-method status="PASS" signature="shouldAnswerWithTrue()" name="shouldAnswerWithTrue" duration-ms="12" started-at="2021-02-16T16:17:00 CST" finished-at="2021-02-16T16:17:00 CST">
          <reporter-output>
          </reporter-output>
        </test-method> <!-- shouldAnswerWithTrue -->
      </class> <!-- rahulshettyacademy.Mavenjavanew.AppTest -->
    </test> <!-- Surefire test -->
  </suite> <!-- Surefire suite -->
</testng-results>
