<?xml version="1.0" encoding="UTF-8"?>
<!-- Generated by org.testng.reporters.JUnitXMLReporter -->
<testsuite ignored="0" hostname="DESKTOP-5VRI89S" failures="0" tests="6" name="Test" time="0.135" errors="0" timestamp="2021-02-16T16:37:44 CST">
  <testcase classname="rahulshettyacademy.Mavenjavanew.AppiumTest" name="AndroidApps" time="0.018"/>
  <testcase classname="rahulshettyacademy.Mavenjavanew.AppiumTest" name="IOSAPPS" time="0.002"/>
  <testcase classname="rahulshettyacademy.Mavenjavanew.RestApiTest" name="GetAPIS" time="0.002"/>
  <testcase classname="rahulshettyacademy.Mavenjavanew.RestApiTest" name="RestApis" time="0.003"/>
  <testcase classname="rahulshettyacademy.Mavenjavanew.SeleniumTest" name="Selenium" time="0.002"/>
  <testcase classname="rahulshettyacademy.Mavenjavanew.SeleniumTest" name="Webdriver" time="0.003"/>
</testsuite> <!-- Test -->
