<?xml version="1.0" encoding="UTF-8"?>
<testng-results skipped="0" failed="0" ignored="0" total="6" passed="6">
  <reporter-output>
  </reporter-output>
  <suite name="Surefire suite" duration-ms="77" started-at="2021-02-16T16:16:59 CST" finished-at="2021-02-16T16:16:59 CST">
    <groups>
    </groups>
    <test name="Surefire test" duration-ms="77" started-at="2021-02-16T16:16:59 CST" finished-at="2021-02-16T16:16:59 CST">
      <class name="rahulshettyacademy.Mavenjavanew.AppiumTest">
        <test-method status="PASS" signature="AndroidApps()[pri:0, instance:rahulshettyacademy.Mavenjavanew.AppiumTest@60c6f5b]" name="AndroidApps" duration-ms="10" started-at="2021-02-16T16:16:59 CST" finished-at="2021-02-16T16:16:59 CST">
          <reporter-output>
          </reporter-output>
        </test-method> <!-- AndroidApps -->
        <test-method status="PASS" signature="IOSAPPS()[pri:0, instance:rahulshettyacademy.Mavenjavanew.AppiumTest@60c6f5b]" name="IOSAPPS" duration-ms="0" started-at="2021-02-16T16:16:59 CST" finished-at="2021-02-16T16:16:59 CST">
          <reporter-output>
          </reporter-output>
        </test-method> <!-- IOSAPPS -->
      </class> <!-- rahulshettyacademy.Mavenjavanew.AppiumTest -->
      <class name="rahulshettyacademy.Mavenjavanew.RestApiTest">
        <test-method status="PASS" signature="GetAPIS()[pri:0, instance:rahulshettyacademy.Mavenjavanew.RestApiTest@2038ae61]" name="GetAPIS" duration-ms="0" started-at="2021-02-16T16:16:59 CST" finished-at="2021-02-16T16:16:59 CST">
          <reporter-output>
          </reporter-output>
        </test-method> <!-- GetAPIS -->
        <test-method status="PASS" signature="RestApis()[pri:0, instance:rahulshettyacademy.Mavenjavanew.RestApiTest@2038ae61]" name="RestApis" duration-ms="0" started-at="2021-02-16T16:16:59 CST" finished-at="2021-02-16T16:16:59 CST">
          <reporter-output>
          </reporter-output>
        </test-method> <!-- RestApis -->
      </class> <!-- rahulshettyacademy.Mavenjavanew.RestApiTest -->
      <class name="rahulshettyacademy.Mavenjavanew.SeleniumTest">
        <test-method status="PASS" signature="Selenium()[pri:0, instance:rahulshettyacademy.Mavenjavanew.SeleniumTest@3c0f93f1]" name="Selenium" duration-ms="1" started-at="2021-02-16T16:16:59 CST" finished-at="2021-02-16T16:16:59 CST">
          <reporter-output>
          </reporter-output>
        </test-method> <!-- Selenium -->
        <test-method status="PASS" signature="Webdriver()[pri:0, instance:rahulshettyacademy.Mavenjavanew.SeleniumTest@3c0f93f1]" name="Webdriver" duration-ms="0" started-at="2021-02-16T16:16:59 CST" finished-at="2021-02-16T16:16:59 CST">
          <reporter-output>
          </reporter-output>
        </test-method> <!-- Webdriver -->
      </class> <!-- rahulshettyacademy.Mavenjavanew.SeleniumTest -->
    </test> <!-- Surefire test -->
  </suite> <!-- Surefire suite -->
</testng-results>
