<?xml version="1.0" encoding="UTF-8"?>
<!-- Generated by org.testng.reporters.JUnitXMLReporter -->
<testsuite hostname="DESKTOP-5VRI89S" ignored="0" name="Test" tests="4" failures="0" timestamp="2021-02-17T15:33:10 CST" time="0.093" errors="0">
  <testcase name="GetAPIS" time="0.013" classname="rahulshettyacademy.Mavenjavanew.RestApiTest"/>
  <testcase name="RestApis" time="0.0" classname="rahulshettyacademy.Mavenjavanew.RestApiTest"/>
  <testcase name="Selenium" time="0.001" classname="rahulshettyacademy.Mavenjavanew.SeleniumTest"/>
  <testcase name="Webdriver" time="0.001" classname="rahulshettyacademy.Mavenjavanew.SeleniumTest"/>
</testsuite> <!-- Test -->
